2018-01-21 18:11:33,604 ERROR [main] root: Unable to connect!
2018-01-21 18:14:49,881 INFO  [main] root: Connection established
2018-01-21 18:15:03,823 INFO  [main] root: Send message:	 '[B@59e5ddf'
2018-01-21 18:15:03,824 WARN  [main] root: Put fail!
java.net.SocketException: Software caused connection abort: recv failed
	at java.base/java.net.SocketInputStream.socketRead0(Native Method)
	at java.base/java.net.SocketInputStream.socketRead(SocketInputStream.java:116)
	at java.base/java.net.SocketInputStream.read(SocketInputStream.java:171)
	at java.base/java.net.SocketInputStream.read(SocketInputStream.java:141)
	at java.base/java.net.SocketInputStream.read(SocketInputStream.java:224)
	at common.transmission.Transmission.receiveMessage(Transmission.java:35)
	at client.KVStore.put(KVStore.java:83)
	at app_kvClient.KVClient.handleCommand(KVClient.java:134)
	at app_kvClient.KVClient.run(KVClient.java:186)
	at app_kvClient.KVClient.main(KVClient.java:202)
2018-01-21 18:19:42,220 INFO  [main] root: Connection established
2018-01-21 18:19:50,266 INFO  [main] root: Send message:	 '[B@2bbf4b8b'
2018-01-21 18:19:50,266 WARN  [main] root: Put fail!
java.net.SocketException: Software caused connection abort: recv failed
	at java.base/java.net.SocketInputStream.socketRead0(Native Method)
	at java.base/java.net.SocketInputStream.socketRead(SocketInputStream.java:116)
	at java.base/java.net.SocketInputStream.read(SocketInputStream.java:171)
	at java.base/java.net.SocketInputStream.read(SocketInputStream.java:141)
	at java.base/java.net.SocketInputStream.read(SocketInputStream.java:224)
	at common.transmission.Transmission.receiveMessage(Transmission.java:35)
	at client.KVStore.put(KVStore.java:83)
	at app_kvClient.KVClient.handleCommand(KVClient.java:134)
	at app_kvClient.KVClient.run(KVClient.java:186)
	at app_kvClient.KVClient.main(KVClient.java:202)
2018-01-21 18:22:47,484 INFO  [main] root: Connection established
2018-01-21 18:22:52,160 INFO  [main] root: Send message:	 '[B@59e5ddf'
2018-01-21 18:22:52,160 WARN  [main] root: Put fail!
java.net.SocketException: Software caused connection abort: recv failed
	at java.base/java.net.SocketInputStream.socketRead0(Native Method)
	at java.base/java.net.SocketInputStream.socketRead(SocketInputStream.java:116)
	at java.base/java.net.SocketInputStream.read(SocketInputStream.java:171)
	at java.base/java.net.SocketInputStream.read(SocketInputStream.java:141)
	at java.base/java.net.SocketInputStream.read(SocketInputStream.java:224)
	at common.transmission.Transmission.receiveMessage(Transmission.java:35)
	at client.KVStore.put(KVStore.java:83)
	at app_kvClient.KVClient.handleCommand(KVClient.java:134)
	at app_kvClient.KVClient.run(KVClient.java:186)
	at app_kvClient.KVClient.main(KVClient.java:202)
2018-01-21 18:32:43,695 INFO  [main] root: Connection established
2018-01-21 18:40:01,029 INFO  [main] root: Connection established
2018-01-21 18:40:06,110 INFO  [main] root: Send message:	 '[B@1b68ddbd'
2018-01-21 18:40:06,110 WARN  [main] root: Put fail!
java.net.SocketException: Software caused connection abort: recv failed
	at java.base/java.net.SocketInputStream.socketRead0(Native Method)
	at java.base/java.net.SocketInputStream.socketRead(SocketInputStream.java:116)
	at java.base/java.net.SocketInputStream.read(SocketInputStream.java:171)
	at java.base/java.net.SocketInputStream.read(SocketInputStream.java:141)
	at java.base/java.net.SocketInputStream.read(SocketInputStream.java:224)
	at common.transmission.Transmission.receiveMessage(Transmission.java:39)
	at client.KVStore.put(KVStore.java:83)
	at app_kvClient.KVClient.handleCommand(KVClient.java:134)
	at app_kvClient.KVClient.run(KVClient.java:186)
	at app_kvClient.KVClient.main(KVClient.java:202)
2018-01-21 18:52:38,272 INFO  [main] root: Connection established
2018-01-21 18:52:42,111 INFO  [main] root: Send message:	 '[B@1b68ddbd'
2018-01-21 18:52:42,111 WARN  [main] root: Put fail!
java.net.SocketException: Software caused connection abort: recv failed
	at java.base/java.net.SocketInputStream.socketRead0(Native Method)
	at java.base/java.net.SocketInputStream.socketRead(SocketInputStream.java:116)
	at java.base/java.net.SocketInputStream.read(SocketInputStream.java:171)
	at java.base/java.net.SocketInputStream.read(SocketInputStream.java:141)
	at java.base/java.net.SocketInputStream.read(SocketInputStream.java:224)
	at common.transmission.Transmission.receiveMessage(Transmission.java:43)
	at client.KVStore.put(KVStore.java:83)
	at app_kvClient.KVClient.handleCommand(KVClient.java:134)
	at app_kvClient.KVClient.run(KVClient.java:186)
	at app_kvClient.KVClient.main(KVClient.java:202)
2018-01-21 18:57:13,145 INFO  [main] root: Connection established
2018-01-21 18:58:36,959 INFO  [main] root: Connection established
2018-01-21 19:09:14,283 INFO  [main] root: Connection established
2018-01-21 19:09:26,649 INFO  [main] root: Send message:	 '[B@1b68ddbd'
2018-01-21 19:13:30,835 INFO  [main] root: Connection established
2018-01-21 19:13:35,626 INFO  [main] root: Send message:	 'PUT1ab
'
2018-01-22 02:10:05,766 INFO  [main] root: Connection established
2018-01-22 02:10:10,204 INFO  [main] root: Send message:	 <PUT.1.a.b
>
2018-01-22 02:10:10,205 INFO  [main] root: Receive message:	 <PutSucess>
2018-01-22 02:10:16,829 INFO  [main] root: Send message:	 <GET1a
>
2018-01-22 02:11:57,841 WARN  [main] root: Get fail!
java.net.SocketException: Connection reset
	at java.base/java.net.SocketInputStream.read(SocketInputStream.java:210)
	at java.base/java.net.SocketInputStream.read(SocketInputStream.java:141)
	at java.base/java.net.SocketInputStream.read(SocketInputStream.java:224)
	at common.transmission.Transmission.receiveMessage(Transmission.java:42)
	at client.KVStore.get(KVStore.java:107)
	at app_kvClient.KVClient.handleCommand(KVClient.java:150)
	at app_kvClient.KVClient.run(KVClient.java:186)
	at app_kvClient.KVClient.main(KVClient.java:202)
2018-01-22 02:13:39,288 INFO  [main] root: Connection established
2018-01-22 02:13:44,595 INFO  [main] root: Send message:	 <PUT.1.a.b
>
2018-01-22 02:13:44,597 INFO  [main] root: Receive message:	 <PutSucess>
2018-01-22 02:13:58,624 INFO  [main] root: Send message:	 <GET1a
>
2018-01-22 02:17:59,081 WARN  [main] root: Get fail!
java.net.SocketException: Connection reset
	at java.base/java.net.SocketInputStream.read(SocketInputStream.java:210)
	at java.base/java.net.SocketInputStream.read(SocketInputStream.java:141)
	at java.base/java.net.SocketInputStream.read(SocketInputStream.java:224)
	at common.transmission.Transmission.receiveMessage(Transmission.java:42)
	at client.KVStore.get(KVStore.java:107)
	at app_kvClient.KVClient.handleCommand(KVClient.java:150)
	at app_kvClient.KVClient.run(KVClient.java:186)
	at app_kvClient.KVClient.main(KVClient.java:202)
2018-01-22 02:18:34,212 INFO  [main] root: Connection established
2018-01-22 02:18:39,316 INFO  [main] root: Send message:	 <PUT.1.a.b
>
2018-01-22 02:18:39,316 INFO  [main] root: Receive message:	 <PutSucess>
2018-01-22 02:18:43,365 INFO  [main] root: Send message:	 <GET1a
>
2018-01-22 02:20:08,187 WARN  [main] root: Get fail!
java.net.SocketException: Connection reset
	at java.base/java.net.SocketInputStream.read(SocketInputStream.java:210)
	at java.base/java.net.SocketInputStream.read(SocketInputStream.java:141)
	at java.base/java.net.SocketInputStream.read(SocketInputStream.java:224)
	at common.transmission.Transmission.receiveMessage(Transmission.java:42)
	at client.KVStore.get(KVStore.java:107)
	at app_kvClient.KVClient.handleCommand(KVClient.java:150)
	at app_kvClient.KVClient.run(KVClient.java:186)
	at app_kvClient.KVClient.main(KVClient.java:202)
2018-01-22 02:20:50,439 INFO  [main] root: Connection established
2018-01-22 02:20:53,576 INFO  [main] root: Send message:	 <PUT.1.a.b
>
2018-01-22 02:20:53,576 INFO  [main] root: Receive message:	 <PutSucess>
2018-01-22 02:20:57,733 INFO  [main] root: Send message:	 <GET.1.a.
>
2018-01-22 02:20:57,734 INFO  [main] root: Receive message:	 <b>
2018-01-22 02:22:14,102 INFO  [main] root: Connection established
2018-01-22 02:22:17,161 INFO  [main] root: Send message:	 <PUT.1.a.b
>
2018-01-22 02:22:17,161 INFO  [main] root: Receive message:	 <PutSucess>
2018-01-22 02:22:20,210 INFO  [main] root: Send message:	 <GET.1.a.
>
2018-01-22 02:22:20,210 INFO  [main] root: Receive message:	 <b>
2018-01-22 02:23:27,680 INFO  [main] root: Connection established
2018-01-22 02:23:30,524 INFO  [main] root: Send message:	 <PUT.1.a.b
>
2018-01-22 02:23:30,525 INFO  [main] root: Receive message:	 <PutSucess>
2018-01-22 02:23:34,161 INFO  [main] root: Send message:	 <GET.1.a.
>
2018-01-22 02:23:34,162 INFO  [main] root: Receive message:	 <b>
